  Camera3D.cpp
  DrawingUtilNG.cpp
C:\Users\Phil\Documents\GitHub\27-780-Team-Zero-Project\DungeonZero\DrawingUtilNG.cpp(15,13): warning C4244: 'return': conversion from 'double' to 'float', possible loss of data
C:\Users\Phil\Documents\GitHub\27-780-Team-Zero-Project\DungeonZero\DrawingUtilNG.cpp(72,39): warning C4244: 'argument': conversion from 'double' to 'float', possible loss of data
C:\Users\Phil\Documents\GitHub\27-780-Team-Zero-Project\DungeonZero\DrawingUtilNG.cpp(73,57): warning C4244: 'argument': conversion from 'double' to 'float', possible loss of data
C:\Users\Phil\Documents\GitHub\27-780-Team-Zero-Project\DungeonZero\DrawingUtilNG.cpp(74,56): warning C4244: 'argument': conversion from 'double' to 'float', possible loss of data
C:\Users\Phil\Documents\GitHub\27-780-Team-Zero-Project\DungeonZero\DrawingUtilNG.cpp(83,22): warning C4244: 'initializing': conversion from 'double' to 'float', possible loss of data
C:\Users\Phil\Documents\GitHub\27-780-Team-Zero-Project\DungeonZero\DrawingUtilNG.cpp(90,19): warning C4244: '=': conversion from 'double' to 'int', possible loss of data
C:\Users\Phil\Documents\GitHub\27-780-Team-Zero-Project\DungeonZero\DrawingUtilNG.cpp(101,27): warning C4244: '=': conversion from 'double' to 'float', possible loss of data
C:\Users\Phil\Documents\GitHub\27-780-Team-Zero-Project\DungeonZero\DrawingUtilNG.cpp(102,27): warning C4244: '=': conversion from 'double' to 'float', possible loss of data
C:\Users\Phil\Documents\GitHub\27-780-Team-Zero-Project\DungeonZero\DrawingUtilNG.cpp(115,16): warning C4244: 'argument': conversion from 'double' to 'GLint', possible loss of data
C:\Users\Phil\Documents\GitHub\27-780-Team-Zero-Project\DungeonZero\DrawingUtilNG.cpp(115,13): warning C4244: 'argument': conversion from 'double' to 'GLint', possible loss of data
C:\Users\Phil\Documents\GitHub\27-780-Team-Zero-Project\DungeonZero\DrawingUtilNG.cpp(116,24): warning C4244: 'argument': conversion from 'double' to 'GLint', possible loss of data
C:\Users\Phil\Documents\GitHub\27-780-Team-Zero-Project\DungeonZero\DrawingUtilNG.cpp(116,15): warning C4244: 'argument': conversion from 'double' to 'GLint', possible loss of data
C:\Users\Phil\Documents\GitHub\27-780-Team-Zero-Project\DungeonZero\DrawingUtilNG.cpp(117,26): warning C4244: 'argument': conversion from 'double' to 'GLint', possible loss of data
C:\Users\Phil\Documents\GitHub\27-780-Team-Zero-Project\DungeonZero\DrawingUtilNG.cpp(117,15): warning C4244: 'argument': conversion from 'double' to 'GLint', possible loss of data
C:\Users\Phil\Documents\GitHub\27-780-Team-Zero-Project\DungeonZero\DrawingUtilNG.cpp(118,18): warning C4244: 'argument': conversion from 'double' to 'GLint', possible loss of data
C:\Users\Phil\Documents\GitHub\27-780-Team-Zero-Project\DungeonZero\DrawingUtilNG.cpp(118,13): warning C4244: 'argument': conversion from 'double' to 'GLint', possible loss of data
  Enemy.cpp
  entity.cpp
  fssimplewindow.cpp
C:\Users\Phil\Documents\GitHub\27-780-Team-Zero-Project\DungeonZero\DrawingUtilNG.cpp(229,45): warning C4244: 'argument': conversion from 'double' to 'GLubyte', possible loss of data
  GraphicFont.cpp
C:\Users\Phil\Documents\GitHub\27-780-Team-Zero-Project\DungeonZero\fssimplewindow.cpp(896,72): warning C4267: 'argument': conversion from 'size_t' to 'DWORD', possible loss of data
C:\Users\Phil\Documents\GitHub\27-780-Team-Zero-Project\DungeonZero\GraphicFont.cpp(125,55): warning C4244: 'argument': conversion from 'double' to 'float', possible loss of data
C:\Users\Phil\Documents\GitHub\27-780-Team-Zero-Project\DungeonZero\GraphicFont.cpp(126,61): warning C4244: 'argument': conversion from 'double' to 'float', possible loss of data
C:\Users\Phil\Documents\GitHub\27-780-Team-Zero-Project\DungeonZero\GraphicFont.cpp(201,18): warning C4244: 'initializing': conversion from 'double' to 'int', possible loss of data
C:\Users\Phil\Documents\GitHub\27-780-Team-Zero-Project\DungeonZero\GraphicFont.cpp(202,17): warning C4244: 'initializing': conversion from 'double' to 'int', possible loss of data
C:\Users\Phil\Documents\GitHub\27-780-Team-Zero-Project\DungeonZero\GraphicFont.cpp(244,20): warning C4244: 'initializing': conversion from 'double' to 'float', possible loss of data
  maze.cpp
  orbit.cpp
C:\Users\Phil\Documents\GitHub\27-780-Team-Zero-Project\DungeonZero\GraphicFont.cpp(245,19): warning C4244: 'initializing': conversion from 'double' to 'float', possible loss of data
C:\Users\Phil\Documents\GitHub\27-780-Team-Zero-Project\DungeonZero\orbit.cpp(265,8): error C2065: 'theMap': undeclared identifier
C:\Users\Phil\Documents\GitHub\27-780-Team-Zero-Project\DungeonZero\orbit.cpp(265,7): error C2039: 'getPosition': is not a member of 'Entity'
C:\Users\Phil\Documents\GitHub\27-780-Team-Zero-Project\DungeonZero\maze.h(6): message : see declaration of 'Entity'
C:\Users\Phil\Documents\GitHub\27-780-Team-Zero-Project\DungeonZero\orbit.cpp(267,22): error C2039: 'getItem': is not a member of 'Entity'
C:\Users\Phil\Documents\GitHub\27-780-Team-Zero-Project\DungeonZero\maze.h(6): message : see declaration of 'Entity'
C:\Users\Phil\Documents\GitHub\27-780-Team-Zero-Project\DungeonZero\orbit.cpp(267,23): error C2065: 'theMap': undeclared identifier
C:\Users\Phil\Documents\GitHub\27-780-Team-Zero-Project\DungeonZero\orbit.cpp(267,51): error C2039: 'getPosition': is not a member of 'Entity'
C:\Users\Phil\Documents\GitHub\27-780-Team-Zero-Project\DungeonZero\maze.h(6): message : see declaration of 'Entity'
C:\Users\Phil\Documents\GitHub\27-780-Team-Zero-Project\DungeonZero\orbit.cpp(289,26): warning C4305: 'argument': truncation from 'int' to 'GLubyte'
  OrbitingViewer.cpp
  yspng.cpp
C:\Users\Phil\Documents\GitHub\27-780-Team-Zero-Project\DungeonZero\orbit.cpp(289,18): warning C4309: 'argument': truncation of constant value
C:\Users\Phil\Documents\GitHub\27-780-Team-Zero-Project\DungeonZero\yspng.cpp(1013,1): error C4996: 'fopen': This function or variable may be unsafe. Consider using fopen_s instead. To disable deprecation, use _CRT_SECURE_NO_WARNINGS. See online help for details.
  yssimplesound.cpp
C:\Program Files (x86)\Windows Kits\10\Include\10.0.18362.0\ucrt\stdio.h(208): message : see declaration of 'fopen'
C:\Users\Phil\Documents\GitHub\27-780-Team-Zero-Project\DungeonZero\yssimplesound.cpp(307,1): error C4996: 'fopen': This function or variable may be unsafe. Consider using fopen_s instead. To disable deprecation, use _CRT_SECURE_NO_WARNINGS. See online help for details.
C:\Program Files (x86)\Windows Kits\10\Include\10.0.18362.0\ucrt\stdio.h(208): message : see declaration of 'fopen'
C:\Users\Phil\Documents\GitHub\27-780-Team-Zero-Project\DungeonZero\yssimplesound.cpp(461,22): warning C4244: '=': conversion from '__int64' to 'unsigned int', possible loss of data
C:\Users\Phil\Documents\GitHub\27-780-Team-Zero-Project\DungeonZero\yssimplesound.cpp(496,18): warning C4018: '<': signed/unsigned mismatch
C:\Users\Phil\Documents\GitHub\27-780-Team-Zero-Project\DungeonZero\yssimplesound.cpp(521,17): warning C4018: '<': signed/unsigned mismatch
C:\Users\Phil\Documents\GitHub\27-780-Team-Zero-Project\DungeonZero\yssimplesound.cpp(545,18): warning C4018: '<': signed/unsigned mismatch
C:\Users\Phil\Documents\GitHub\27-780-Team-Zero-Project\DungeonZero\yssimplesound.cpp(559,18): warning C4018: '<': signed/unsigned mismatch
C:\Users\Phil\Documents\GitHub\27-780-Team-Zero-Project\DungeonZero\yssimplesound.cpp(601,58): warning C4267: 'argument': conversion from 'size_t' to 'int', possible loss of data
C:\Users\Phil\Documents\GitHub\27-780-Team-Zero-Project\DungeonZero\yssimplesound.cpp(608,49): warning C4267: 'argument': conversion from 'size_t' to 'int', possible loss of data
C:\Users\Phil\Documents\GitHub\27-780-Team-Zero-Project\DungeonZero\yssimplesound.cpp(609,51): warning C4267: 'argument': conversion from 'size_t' to 'int', possible loss of data
C:\Users\Phil\Documents\GitHub\27-780-Team-Zero-Project\DungeonZero\yssimplesound.cpp(618,51): warning C4267: 'argument': conversion from 'size_t' to 'int', possible loss of data
C:\Users\Phil\Documents\GitHub\27-780-Team-Zero-Project\DungeonZero\yssimplesound.cpp(619,49): warning C4267: 'argument': conversion from 'size_t' to 'int', possible loss of data
C:\Users\Phil\Documents\GitHub\27-780-Team-Zero-Project\DungeonZero\yssimplesound.cpp(620,51): warning C4267: 'argument': conversion from 'size_t' to 'int', possible loss of data
C:\Users\Phil\Documents\GitHub\27-780-Team-Zero-Project\DungeonZero\yssimplesound.cpp(621,51): warning C4267: 'argument': conversion from 'size_t' to 'int', possible loss of data
C:\Users\Phil\Documents\GitHub\27-780-Team-Zero-Project\DungeonZero\yssimplesound.cpp(655,22): warning C4267: '=': conversion from 'size_t' to 'unsigned int', possible loss of data
C:\Users\Phil\Documents\GitHub\27-780-Team-Zero-Project\DungeonZero\yssimplesound.cpp(675,47): warning C4267: 'argument': conversion from 'size_t' to 'int', possible loss of data
C:\Users\Phil\Documents\GitHub\27-780-Team-Zero-Project\DungeonZero\yssimplesound.cpp(675,71): warning C4267: 'argument': conversion from 'size_t' to 'int', possible loss of data
C:\Users\Phil\Documents\GitHub\27-780-Team-Zero-Project\DungeonZero\yssimplesound.cpp(682,23): warning C4267: '=': conversion from 'size_t' to 'unsigned int', possible loss of data
C:\Users\Phil\Documents\GitHub\27-780-Team-Zero-Project\DungeonZero\yssimplesound.cpp(701,18): warning C4018: '<': signed/unsigned mismatch
C:\Users\Phil\Documents\GitHub\27-780-Team-Zero-Project\DungeonZero\yssimplesound.cpp(708,18): warning C4018: '<': signed/unsigned mismatch
C:\Users\Phil\Documents\GitHub\27-780-Team-Zero-Project\DungeonZero\yssimplesound.cpp(732,18): warning C4018: '<': signed/unsigned mismatch
C:\Users\Phil\Documents\GitHub\27-780-Team-Zero-Project\DungeonZero\yssimplesound.cpp(739,18): warning C4018: '<': signed/unsigned mismatch
C:\Users\Phil\Documents\GitHub\27-780-Team-Zero-Project\DungeonZero\yssimplesound.cpp(771,54): warning C4267: 'argument': conversion from 'size_t' to 'int', possible loss of data
C:\Users\Phil\Documents\GitHub\27-780-Team-Zero-Project\DungeonZero\yssimplesound.cpp(778,23): warning C4267: '=': conversion from 'size_t' to 'unsigned int', possible loss of data
C:\Users\Phil\Documents\GitHub\27-780-Team-Zero-Project\DungeonZero\yssimplesound.cpp(954,14): warning C4244: '=': conversion from '__int64' to 'unsigned int', possible loss of data
  yssimplesound_dsound.cpp
C:\Users\Phil\Documents\GitHub\27-780-Team-Zero-Project\DungeonZero\yssimplesound.cpp(1053,16): warning C4018: '<': signed/unsigned mismatch
C:\Users\Phil\Documents\GitHub\27-780-Team-Zero-Project\DungeonZero\yssimplesound_dsound.cpp(104,43): warning C4311: 'type cast': pointer truncation from 'HWND' to 'int'
  Generating Code...
C:\Users\Phil\Documents\GitHub\27-780-Team-Zero-Project\DungeonZero\yssimplesound_dsound.cpp(104,43): warning C4302: 'type cast': truncation from 'HWND' to 'int'
